{
  "RSpec": {
    "coverage": {
      "/Users/abhimanyuarya/Desktop/RubyProjects/PlainMapper/lib/Scan.rb": [
        1,
        1
      ],
      "/Users/abhimanyuarya/Desktop/RubyProjects/PlainMapper/lib/Scan/grid.rb": [
        null,
        1,
        null,
        1,
        1,
        1,
        null,
        null,
        1,
        1,
        1,
        null,
        null,
        null
      ],
      "/Users/abhimanyuarya/Desktop/RubyProjects/PlainMapper/lib/Scan/robot.rb": [
        1,
        null,
        1,
        2,
        2,
        2,
        2,
        2,
        null,
        null,
        1,
        1,
        1,
        1,
        null,
        0,
        0,
        null,
        0,
        0,
        null,
        0,
        0,
        null,
        1,
        null,
        null,
        null,
        1,
        1,
        1,
        1,
        null,
        null,
        1,
        0,
        0,
        null,
        null,
        null,
        null,
        null
      ],
      "/Users/abhimanyuarya/Desktop/RubyProjects/PlainMapper/spec/Scan/robot_spec.rb": [
        1,
        null,
        1,
        null,
        3,
        null,
        1,
        null,
        1,
        1,
        null,
        null,
        1,
        1,
        null,
        null,
        null,
        null,
        null
      ]
    },
    "timestamp": 1423117088
  }
}
